<?xml version="1.0" encoding="UTF-8"?>
<testng-results ignored="0" total="1" passed="1" failed="0" skipped="0">
  <reporter-output>
  </reporter-output>
  <suite started-at="2022-11-25T15:43:00 NZDT" name="Default suite" finished-at="2022-11-25T15:44:33 NZDT" duration-ms="93345">
    <groups>
    </groups>
    <test started-at="2022-11-25T15:43:00 NZDT" name="Default test" finished-at="2022-11-25T15:44:33 NZDT" duration-ms="93345">
      <class name="demo.GoseecarsSWextentreport">
        <test-method is-config="true" signature="setUp()[pri:0, instance:demo.GoseecarsSWextentreport@41c2284a]" started-at="2022-11-25T15:43:00 NZDT" name="setUp" finished-at="2022-11-25T15:43:06 NZDT" duration-ms="5966" status="PASS">
          <reporter-output>
          </reporter-output>
        </test-method> <!-- setUp -->
        <test-method signature="testUntitledTestCase()[pri:0, instance:demo.GoseecarsSWextentreport@41c2284a]" started-at="2022-11-25T15:43:06 NZDT" name="testUntitledTestCase" finished-at="2022-11-25T15:44:31 NZDT" duration-ms="85320" status="PASS">
          <reporter-output>
          </reporter-output>
        </test-method> <!-- testUntitledTestCase -->
        <test-method is-config="true" signature="tearDown()[pri:0, instance:demo.GoseecarsSWextentreport@41c2284a]" started-at="2022-11-25T15:44:31 NZDT" name="tearDown" finished-at="2022-11-25T15:44:33 NZDT" duration-ms="1840" status="PASS">
          <reporter-output>
          </reporter-output>
        </test-method> <!-- tearDown -->
        <test-method is-config="true" signature="afterTest()[pri:0, instance:demo.GoseecarsSWextentreport@41c2284a]" started-at="2022-11-25T15:44:33 NZDT" name="afterTest" finished-at="2022-11-25T15:44:33 NZDT" duration-ms="194" status="PASS">
          <reporter-output>
          </reporter-output>
        </test-method> <!-- afterTest -->
      </class> <!-- demo.GoseecarsSWextentreport -->
    </test> <!-- Default test -->
  </suite> <!-- Default suite -->
</testng-results>
